Analysis & Synthesis report for mainFPGA
Fri Jan 08 13:07:47 2021
Quartus II 64-Bit Version 13.1.0 Build 162 10/23/2013 SJ Web Edition


---------------------
; Table of Contents ;
---------------------
  1. Legal Notice
  2. Analysis & Synthesis Summary
  3. Analysis & Synthesis Settings
  4. Parallel Compilation
  5. Analysis & Synthesis Source Files Read
  6. Analysis & Synthesis Resource Usage Summary
  7. Analysis & Synthesis Resource Utilization by Entity
  8. Logic Cells Representing Combinational Loops
  9. General Register Statistics
 10. Port Connectivity Checks: "fourbytememory:comb_8"
 11. Elapsed Time Per Partition
 12. Analysis & Synthesis Messages



----------------
; Legal Notice ;
----------------
Copyright (C) 1991-2013 Altera Corporation
Your use of Altera Corporation's design tools, logic functions 
and other software and tools, and its AMPP partner logic 
functions, and any output files from any of the foregoing 
(including device programming or simulation files), and any 
associated documentation or information are expressly subject 
to the terms and conditions of the Altera Program License 
Subscription Agreement, Altera MegaCore Function License 
Agreement, or other applicable license agreement, including, 
without limitation, that your use is for the sole purpose of 
programming logic devices manufactured by Altera and sold by 
Altera or its authorized distributors.  Please refer to the 
applicable agreement for further details.



+---------------------------------------------------------------------------------+
; Analysis & Synthesis Summary                                                    ;
+------------------------------------+--------------------------------------------+
; Analysis & Synthesis Status        ; Successful - Fri Jan 08 13:07:47 2021      ;
; Quartus II 64-Bit Version          ; 13.1.0 Build 162 10/23/2013 SJ Web Edition ;
; Revision Name                      ; mainFPGA                                   ;
; Top-level Entity Name              ; mainFPGA                                   ;
; Family                             ; Cyclone IV E                               ;
; Total logic elements               ; 0                                          ;
;     Total combinational functions  ; 0                                          ;
;     Dedicated logic registers      ; 0                                          ;
; Total registers                    ; 0                                          ;
; Total pins                         ; 23                                         ;
; Total virtual pins                 ; 0                                          ;
; Total memory bits                  ; 0                                          ;
; Embedded Multiplier 9-bit elements ; 0                                          ;
; Total PLLs                         ; 0                                          ;
+------------------------------------+--------------------------------------------+


+----------------------------------------------------------------------------------------------------------------------+
; Analysis & Synthesis Settings                                                                                        ;
+----------------------------------------------------------------------------+--------------------+--------------------+
; Option                                                                     ; Setting            ; Default Value      ;
+----------------------------------------------------------------------------+--------------------+--------------------+
; Device                                                                     ; EP4CE6E22C8        ;                    ;
; Top-level entity name                                                      ; mainFPGA           ; mainFPGA           ;
; Family name                                                                ; Cyclone IV E       ; Cyclone IV GX      ;
; Use smart compilation                                                      ; Off                ; Off                ;
; Enable parallel Assembler and TimeQuest Timing Analyzer during compilation ; On                 ; On                 ;
; Enable compact report table                                                ; Off                ; Off                ;
; Restructure Multiplexers                                                   ; Auto               ; Auto               ;
; Create Debugging Nodes for IP Cores                                        ; Off                ; Off                ;
; Preserve fewer node names                                                  ; On                 ; On                 ;
; Disable OpenCore Plus hardware evaluation                                  ; Off                ; Off                ;
; Verilog Version                                                            ; Verilog_2001       ; Verilog_2001       ;
; VHDL Version                                                               ; VHDL_1993          ; VHDL_1993          ;
; State Machine Processing                                                   ; Auto               ; Auto               ;
; Safe State Machine                                                         ; Off                ; Off                ;
; Extract Verilog State Machines                                             ; On                 ; On                 ;
; Extract VHDL State Machines                                                ; On                 ; On                 ;
; Ignore Verilog initial constructs                                          ; Off                ; Off                ;
; Iteration limit for constant Verilog loops                                 ; 5000               ; 5000               ;
; Iteration limit for non-constant Verilog loops                             ; 250                ; 250                ;
; Add Pass-Through Logic to Inferred RAMs                                    ; On                 ; On                 ;
; Infer RAMs from Raw Logic                                                  ; On                 ; On                 ;
; Parallel Synthesis                                                         ; On                 ; On                 ;
; DSP Block Balancing                                                        ; Auto               ; Auto               ;
; NOT Gate Push-Back                                                         ; On                 ; On                 ;
; Power-Up Don't Care                                                        ; On                 ; On                 ;
; Remove Redundant Logic Cells                                               ; Off                ; Off                ;
; Remove Duplicate Registers                                                 ; On                 ; On                 ;
; Ignore CARRY Buffers                                                       ; Off                ; Off                ;
; Ignore CASCADE Buffers                                                     ; Off                ; Off                ;
; Ignore GLOBAL Buffers                                                      ; Off                ; Off                ;
; Ignore ROW GLOBAL Buffers                                                  ; Off                ; Off                ;
; Ignore LCELL Buffers                                                       ; Off                ; Off                ;
; Ignore SOFT Buffers                                                        ; On                 ; On                 ;
; Limit AHDL Integers to 32 Bits                                             ; Off                ; Off                ;
; Optimization Technique                                                     ; Balanced           ; Balanced           ;
; Carry Chain Length                                                         ; 70                 ; 70                 ;
; Auto Carry Chains                                                          ; On                 ; On                 ;
; Auto Open-Drain Pins                                                       ; On                 ; On                 ;
; Perform WYSIWYG Primitive Resynthesis                                      ; Off                ; Off                ;
; Auto ROM Replacement                                                       ; On                 ; On                 ;
; Auto RAM Replacement                                                       ; On                 ; On                 ;
; Auto DSP Block Replacement                                                 ; On                 ; On                 ;
; Auto Shift Register Replacement                                            ; Auto               ; Auto               ;
; Allow Shift Register Merging across Hierarchies                            ; Auto               ; Auto               ;
; Auto Clock Enable Replacement                                              ; On                 ; On                 ;
; Strict RAM Replacement                                                     ; Off                ; Off                ;
; Allow Synchronous Control Signals                                          ; On                 ; On                 ;
; Force Use of Synchronous Clear Signals                                     ; Off                ; Off                ;
; Auto RAM Block Balancing                                                   ; On                 ; On                 ;
; Auto RAM to Logic Cell Conversion                                          ; Off                ; Off                ;
; Auto Resource Sharing                                                      ; Off                ; Off                ;
; Allow Any RAM Size For Recognition                                         ; Off                ; Off                ;
; Allow Any ROM Size For Recognition                                         ; Off                ; Off                ;
; Allow Any Shift Register Size For Recognition                              ; Off                ; Off                ;
; Use LogicLock Constraints during Resource Balancing                        ; On                 ; On                 ;
; Ignore translate_off and synthesis_off directives                          ; Off                ; Off                ;
; Timing-Driven Synthesis                                                    ; On                 ; On                 ;
; Report Parameter Settings                                                  ; On                 ; On                 ;
; Report Source Assignments                                                  ; On                 ; On                 ;
; Report Connectivity Checks                                                 ; On                 ; On                 ;
; Ignore Maximum Fan-Out Assignments                                         ; Off                ; Off                ;
; Synchronization Register Chain Length                                      ; 2                  ; 2                  ;
; PowerPlay Power Optimization                                               ; Normal compilation ; Normal compilation ;
; HDL message level                                                          ; Level2             ; Level2             ;
; Suppress Register Optimization Related Messages                            ; Off                ; Off                ;
; Number of Removed Registers Reported in Synthesis Report                   ; 5000               ; 5000               ;
; Number of Swept Nodes Reported in Synthesis Report                         ; 5000               ; 5000               ;
; Number of Inverted Registers Reported in Synthesis Report                  ; 100                ; 100                ;
; Clock MUX Protection                                                       ; On                 ; On                 ;
; Auto Gated Clock Conversion                                                ; Off                ; Off                ;
; Block Design Naming                                                        ; Auto               ; Auto               ;
; SDC constraint protection                                                  ; Off                ; Off                ;
; Synthesis Effort                                                           ; Auto               ; Auto               ;
; Shift Register Replacement - Allow Asynchronous Clear Signal               ; On                 ; On                 ;
; Pre-Mapping Resynthesis Optimization                                       ; Off                ; Off                ;
; Analysis & Synthesis Message Level                                         ; Medium             ; Medium             ;
; Disable Register Merging Across Hierarchies                                ; Auto               ; Auto               ;
; Resource Aware Inference For Block RAM                                     ; On                 ; On                 ;
; Synthesis Seed                                                             ; 1                  ; 1                  ;
+----------------------------------------------------------------------------+--------------------+--------------------+


+------------------------------------------+
; Parallel Compilation                     ;
+----------------------------+-------------+
; Processors                 ; Number      ;
+----------------------------+-------------+
; Number detected on machine ; 4           ;
; Maximum allowed            ; 4           ;
;                            ;             ;
; Average used               ; 1.00        ;
; Maximum used               ; 1           ;
;                            ;             ;
; Usage by Processor         ; % Time Used ;
;     Processor 1            ; 100.0%      ;
;     Processors 2-4         ;   0.0%      ;
+----------------------------+-------------+


+--------------------------------------------------------------------------------------------------------------------------------------+
; Analysis & Synthesis Source Files Read                                                                                               ;
+----------------------------------+-----------------+------------------------------+----------------------------------------+---------+
; File Name with User-Entered Path ; Used in Netlist ; File Type                    ; File Name with Absolute Path           ; Library ;
+----------------------------------+-----------------+------------------------------+----------------------------------------+---------+
; mainFPGA.v                       ; yes             ; User Verilog HDL File        ; C:/altera/13.1/Memory/mainFPGA.v       ;         ;
; fourbytememory.v                 ; yes             ; Auto-Found Verilog HDL File  ; C:/altera/13.1/Memory/fourbytememory.v ;         ;
; demux.v                          ; yes             ; Auto-Found Verilog HDL File  ; C:/altera/13.1/Memory/demux.v          ;         ;
; andgate3.v                       ; yes             ; Auto-Found Verilog HDL File  ; C:/altera/13.1/Memory/andgate3.v       ;         ;
; onebyte_memory.v                 ; yes             ; Auto-Found Verilog HDL File  ; C:/altera/13.1/Memory/onebyte_memory.v ;         ;
; flipflop.v                       ; yes             ; Auto-Found Verilog HDL File  ; C:/altera/13.1/Memory/flipflop.v       ;         ;
; nandgate3.v                      ; yes             ; Auto-Found Verilog HDL File  ; C:/altera/13.1/Memory/nandgate3.v      ;         ;
+----------------------------------+-----------------+------------------------------+----------------------------------------+---------+


+-------------------------------------------------------------+
; Analysis & Synthesis Resource Usage Summary                 ;
+---------------------------------------------+---------------+
; Resource                                    ; Usage         ;
+---------------------------------------------+---------------+
;                                             ;               ;
; Total combinational functions               ; 0             ;
; Logic element usage by number of LUT inputs ;               ;
;     -- 4 input functions                    ; 0             ;
;     -- 3 input functions                    ; 0             ;
;     -- <=2 input functions                  ; 0             ;
;                                             ;               ;
; Logic elements by mode                      ;               ;
;     -- normal mode                          ; 0             ;
;     -- arithmetic mode                      ; 0             ;
;                                             ;               ;
; Total registers                             ; 0             ;
;     -- Dedicated logic registers            ; 0             ;
;     -- I/O registers                        ; 0             ;
;                                             ;               ;
; I/O pins                                    ; 23            ;
; Embedded Multiplier 9-bit elements          ; 0             ;
; Maximum fan-out node                        ; en_led~output ;
; Maximum fan-out                             ; 1             ;
; Total fan-out                               ; 24            ;
; Average fan-out                             ; 0.52          ;
+---------------------------------------------+---------------+


+-----------------------------------------------------------------------------------------------------------------------------------------------------------------------------+
; Analysis & Synthesis Resource Utilization by Entity                                                                                                                         ;
+----------------------------+-------------------+--------------+-------------+--------------+---------+-----------+------+--------------+---------------------+--------------+
; Compilation Hierarchy Node ; LC Combinationals ; LC Registers ; Memory Bits ; DSP Elements ; DSP 9x9 ; DSP 18x18 ; Pins ; Virtual Pins ; Full Hierarchy Name ; Library Name ;
+----------------------------+-------------------+--------------+-------------+--------------+---------+-----------+------+--------------+---------------------+--------------+
; |mainFPGA                  ; 0 (0)             ; 0 (0)        ; 0           ; 0            ; 0       ; 0         ; 23   ; 0            ; |mainFPGA           ; work         ;
+----------------------------+-------------------+--------------+-------------+--------------+---------+-----------+------+--------------+---------------------+--------------+
Note: For table entries with two numbers listed, the numbers in parentheses indicate the number of resources of the given type used by the specific entity alone. The numbers listed outside of parentheses indicate the total resources of the given type used by the specific entity and all of its sub-entities in the hierarchy.


+--------------------------------------------------------------------------+
; Logic Cells Representing Combinational Loops                             ;
+---------------------------------------------------------------------+----+
; Logic Cell Name                                                     ;    ;
+---------------------------------------------------------------------+----+
; fourbytememory:comb_8|onebyte_memory:comb_4|flipflop:comb_3|out~0   ;    ;
; fourbytememory:comb_8|onebyte_memory:comb_5|flipflop:comb_3|out~0   ;    ;
; fourbytememory:comb_8|onebyte_memory:comb_6|flipflop:comb_3|out~0   ;    ;
; fourbytememory:comb_8|onebyte_memory:comb_7|flipflop:comb_3|out~0   ;    ;
; fourbytememory:comb_8|onebyte_memory:comb_4|flipflop:comb_7|out~0   ;    ;
; fourbytememory:comb_8|onebyte_memory:comb_5|flipflop:comb_7|out~0   ;    ;
; fourbytememory:comb_8|onebyte_memory:comb_6|flipflop:comb_7|out~0   ;    ;
; fourbytememory:comb_8|onebyte_memory:comb_7|flipflop:comb_7|out~0   ;    ;
; fourbytememory:comb_8|onebyte_memory:comb_4|flipflop:comb_11|out~0  ;    ;
; fourbytememory:comb_8|onebyte_memory:comb_5|flipflop:comb_11|out~0  ;    ;
; fourbytememory:comb_8|onebyte_memory:comb_6|flipflop:comb_11|out~0  ;    ;
; fourbytememory:comb_8|onebyte_memory:comb_7|flipflop:comb_11|out~0  ;    ;
; fourbytememory:comb_8|onebyte_memory:comb_4|flipflop:comb_15|out~0  ;    ;
; fourbytememory:comb_8|onebyte_memory:comb_5|flipflop:comb_15|out~0  ;    ;
; fourbytememory:comb_8|onebyte_memory:comb_6|flipflop:comb_15|out~0  ;    ;
; fourbytememory:comb_8|onebyte_memory:comb_7|flipflop:comb_15|out~0  ;    ;
; fourbytememory:comb_8|onebyte_memory:comb_4|flipflop:comb_19|out~0  ;    ;
; fourbytememory:comb_8|onebyte_memory:comb_5|flipflop:comb_19|out~0  ;    ;
; fourbytememory:comb_8|onebyte_memory:comb_6|flipflop:comb_19|out~0  ;    ;
; fourbytememory:comb_8|onebyte_memory:comb_7|flipflop:comb_19|out~0  ;    ;
; fourbytememory:comb_8|onebyte_memory:comb_4|flipflop:comb_23|out~0  ;    ;
; fourbytememory:comb_8|onebyte_memory:comb_5|flipflop:comb_23|out~0  ;    ;
; fourbytememory:comb_8|onebyte_memory:comb_6|flipflop:comb_23|out~0  ;    ;
; fourbytememory:comb_8|onebyte_memory:comb_7|flipflop:comb_23|out~0  ;    ;
; fourbytememory:comb_8|onebyte_memory:comb_4|flipflop:comb_27|out~0  ;    ;
; fourbytememory:comb_8|onebyte_memory:comb_5|flipflop:comb_27|out~0  ;    ;
; fourbytememory:comb_8|onebyte_memory:comb_6|flipflop:comb_27|out~0  ;    ;
; fourbytememory:comb_8|onebyte_memory:comb_7|flipflop:comb_27|out~0  ;    ;
; fourbytememory:comb_8|onebyte_memory:comb_4|flipflop:comb_31|out~0  ;    ;
; fourbytememory:comb_8|onebyte_memory:comb_5|flipflop:comb_31|out~0  ;    ;
; fourbytememory:comb_8|onebyte_memory:comb_6|flipflop:comb_31|out~0  ;    ;
; fourbytememory:comb_8|onebyte_memory:comb_7|flipflop:comb_31|out~0  ;    ;
; fourbytememory:comb_8|onebyte_memory:comb_4|flipflop:comb_3|comb~0  ;    ;
; fourbytememory:comb_8|onebyte_memory:comb_4|flipflop:comb_3|comb~1  ;    ;
; fourbytememory:comb_8|onebyte_memory:comb_5|flipflop:comb_3|comb~0  ;    ;
; fourbytememory:comb_8|onebyte_memory:comb_5|flipflop:comb_3|comb~1  ;    ;
; fourbytememory:comb_8|onebyte_memory:comb_6|flipflop:comb_3|comb~0  ;    ;
; fourbytememory:comb_8|onebyte_memory:comb_6|flipflop:comb_3|comb~1  ;    ;
; fourbytememory:comb_8|onebyte_memory:comb_7|flipflop:comb_3|comb~0  ;    ;
; fourbytememory:comb_8|onebyte_memory:comb_7|flipflop:comb_3|comb~1  ;    ;
; fourbytememory:comb_8|onebyte_memory:comb_4|flipflop:comb_7|comb~0  ;    ;
; fourbytememory:comb_8|onebyte_memory:comb_4|flipflop:comb_7|comb~1  ;    ;
; fourbytememory:comb_8|onebyte_memory:comb_5|flipflop:comb_7|comb~0  ;    ;
; fourbytememory:comb_8|onebyte_memory:comb_5|flipflop:comb_7|comb~1  ;    ;
; fourbytememory:comb_8|onebyte_memory:comb_6|flipflop:comb_7|comb~0  ;    ;
; fourbytememory:comb_8|onebyte_memory:comb_6|flipflop:comb_7|comb~1  ;    ;
; fourbytememory:comb_8|onebyte_memory:comb_7|flipflop:comb_7|comb~0  ;    ;
; fourbytememory:comb_8|onebyte_memory:comb_7|flipflop:comb_7|comb~1  ;    ;
; fourbytememory:comb_8|onebyte_memory:comb_4|flipflop:comb_11|comb~0 ;    ;
; fourbytememory:comb_8|onebyte_memory:comb_4|flipflop:comb_11|comb~1 ;    ;
; fourbytememory:comb_8|onebyte_memory:comb_5|flipflop:comb_11|comb~0 ;    ;
; fourbytememory:comb_8|onebyte_memory:comb_5|flipflop:comb_11|comb~1 ;    ;
; fourbytememory:comb_8|onebyte_memory:comb_6|flipflop:comb_11|comb~0 ;    ;
; fourbytememory:comb_8|onebyte_memory:comb_6|flipflop:comb_11|comb~1 ;    ;
; fourbytememory:comb_8|onebyte_memory:comb_7|flipflop:comb_11|comb~0 ;    ;
; fourbytememory:comb_8|onebyte_memory:comb_7|flipflop:comb_11|comb~1 ;    ;
; fourbytememory:comb_8|onebyte_memory:comb_4|flipflop:comb_15|comb~0 ;    ;
; fourbytememory:comb_8|onebyte_memory:comb_4|flipflop:comb_15|comb~1 ;    ;
; fourbytememory:comb_8|onebyte_memory:comb_5|flipflop:comb_15|comb~0 ;    ;
; fourbytememory:comb_8|onebyte_memory:comb_5|flipflop:comb_15|comb~1 ;    ;
; fourbytememory:comb_8|onebyte_memory:comb_6|flipflop:comb_15|comb~0 ;    ;
; fourbytememory:comb_8|onebyte_memory:comb_6|flipflop:comb_15|comb~1 ;    ;
; fourbytememory:comb_8|onebyte_memory:comb_7|flipflop:comb_15|comb~0 ;    ;
; fourbytememory:comb_8|onebyte_memory:comb_7|flipflop:comb_15|comb~1 ;    ;
; fourbytememory:comb_8|onebyte_memory:comb_4|flipflop:comb_19|comb~0 ;    ;
; fourbytememory:comb_8|onebyte_memory:comb_4|flipflop:comb_19|comb~1 ;    ;
; fourbytememory:comb_8|onebyte_memory:comb_5|flipflop:comb_19|comb~0 ;    ;
; fourbytememory:comb_8|onebyte_memory:comb_5|flipflop:comb_19|comb~1 ;    ;
; fourbytememory:comb_8|onebyte_memory:comb_6|flipflop:comb_19|comb~0 ;    ;
; fourbytememory:comb_8|onebyte_memory:comb_6|flipflop:comb_19|comb~1 ;    ;
; fourbytememory:comb_8|onebyte_memory:comb_7|flipflop:comb_19|comb~0 ;    ;
; fourbytememory:comb_8|onebyte_memory:comb_7|flipflop:comb_19|comb~1 ;    ;
; fourbytememory:comb_8|onebyte_memory:comb_4|flipflop:comb_23|comb~0 ;    ;
; fourbytememory:comb_8|onebyte_memory:comb_4|flipflop:comb_23|comb~1 ;    ;
; fourbytememory:comb_8|onebyte_memory:comb_5|flipflop:comb_23|comb~0 ;    ;
; fourbytememory:comb_8|onebyte_memory:comb_5|flipflop:comb_23|comb~1 ;    ;
; fourbytememory:comb_8|onebyte_memory:comb_6|flipflop:comb_23|comb~0 ;    ;
; fourbytememory:comb_8|onebyte_memory:comb_6|flipflop:comb_23|comb~1 ;    ;
; fourbytememory:comb_8|onebyte_memory:comb_7|flipflop:comb_23|comb~0 ;    ;
; fourbytememory:comb_8|onebyte_memory:comb_7|flipflop:comb_23|comb~1 ;    ;
; fourbytememory:comb_8|onebyte_memory:comb_4|flipflop:comb_27|comb~0 ;    ;
; fourbytememory:comb_8|onebyte_memory:comb_4|flipflop:comb_27|comb~1 ;    ;
; fourbytememory:comb_8|onebyte_memory:comb_5|flipflop:comb_27|comb~0 ;    ;
; fourbytememory:comb_8|onebyte_memory:comb_5|flipflop:comb_27|comb~1 ;    ;
; fourbytememory:comb_8|onebyte_memory:comb_6|flipflop:comb_27|comb~0 ;    ;
; fourbytememory:comb_8|onebyte_memory:comb_6|flipflop:comb_27|comb~1 ;    ;
; fourbytememory:comb_8|onebyte_memory:comb_7|flipflop:comb_27|comb~0 ;    ;
; fourbytememory:comb_8|onebyte_memory:comb_7|flipflop:comb_27|comb~1 ;    ;
; fourbytememory:comb_8|onebyte_memory:comb_4|flipflop:comb_31|comb~0 ;    ;
; fourbytememory:comb_8|onebyte_memory:comb_4|flipflop:comb_31|comb~1 ;    ;
; fourbytememory:comb_8|onebyte_memory:comb_5|flipflop:comb_31|comb~0 ;    ;
; fourbytememory:comb_8|onebyte_memory:comb_5|flipflop:comb_31|comb~1 ;    ;
; fourbytememory:comb_8|onebyte_memory:comb_6|flipflop:comb_31|comb~0 ;    ;
; fourbytememory:comb_8|onebyte_memory:comb_6|flipflop:comb_31|comb~1 ;    ;
; fourbytememory:comb_8|onebyte_memory:comb_7|flipflop:comb_31|comb~0 ;    ;
; fourbytememory:comb_8|onebyte_memory:comb_7|flipflop:comb_31|comb~1 ;    ;
; Number of logic cells representing combinational loops              ; 96 ;
+---------------------------------------------------------------------+----+
Note: All cells listed above may not be present at the end of synthesis due to various synthesis optimizations.


+------------------------------------------------------+
; General Register Statistics                          ;
+----------------------------------------------+-------+
; Statistic                                    ; Value ;
+----------------------------------------------+-------+
; Total registers                              ; 0     ;
; Number of registers using Synchronous Clear  ; 0     ;
; Number of registers using Synchronous Load   ; 0     ;
; Number of registers using Asynchronous Clear ; 0     ;
; Number of registers using Asynchronous Load  ; 0     ;
; Number of registers using Clock Enable       ; 0     ;
; Number of registers using Preset             ; 0     ;
+----------------------------------------------+-------+


+---------------------------------------------------+
; Port Connectivity Checks: "fourbytememory:comb_8" ;
+--------+-------+----------+-----------------------+
; Port   ; Type  ; Severity ; Details               ;
+--------+-------+----------+-----------------------+
; en     ; Input ; Info     ; Stuck at GND          ;
; adr[0] ; Input ; Info     ; Stuck at GND          ;
; adr[1] ; Input ; Info     ; Stuck at VCC          ;
+--------+-------+----------+-----------------------+


+-------------------------------+
; Elapsed Time Per Partition    ;
+----------------+--------------+
; Partition Name ; Elapsed Time ;
+----------------+--------------+
; Top            ; 00:00:00     ;
+----------------+--------------+


+-------------------------------+
; Analysis & Synthesis Messages ;
+-------------------------------+
Info: *******************************************************************
Info: Running Quartus II 64-Bit Analysis & Synthesis
    Info: Version 13.1.0 Build 162 10/23/2013 SJ Web Edition
    Info: Processing started: Fri Jan 08 13:07:44 2021
Info: Command: quartus_map --read_settings_files=on --write_settings_files=off mainFPGA -c mainFPGA
Info (20030): Parallel compilation is enabled and will use 4 of the 4 processors detected
Info (12021): Found 1 design units, including 1 entities, in source file mainfpga.v
    Info (12023): Found entity 1: mainFPGA
Critical Warning (10846): Verilog HDL Instantiation warning at mainFPGA.v(31): instance has no name
Info (12127): Elaborating entity "mainFPGA" for the top level hierarchy
Warning (12125): Using design file fourbytememory.v, which is not specified as a design file for the current project, but contains definitions for 1 design units and 1 entities in project
    Info (12023): Found entity 1: fourbytememory
Critical Warning (10846): Verilog HDL Instantiation warning at fourbytememory.v(14): instance has no name
Critical Warning (10846): Verilog HDL Instantiation warning at fourbytememory.v(20): instance has no name
Critical Warning (10846): Verilog HDL Instantiation warning at fourbytememory.v(27): instance has no name
Critical Warning (10846): Verilog HDL Instantiation warning at fourbytememory.v(34): instance has no name
Critical Warning (10846): Verilog HDL Instantiation warning at fourbytememory.v(43): instance has no name
Info (12128): Elaborating entity "fourbytememory" for hierarchy "fourbytememory:comb_8"
Warning (10230): Verilog HDL assignment warning at fourbytememory.v(45): truncated value with size 32 to match size of target (8)
Warning (12125): Using design file demux.v, which is not specified as a design file for the current project, but contains definitions for 1 design units and 1 entities in project
    Info (12023): Found entity 1: demux
Critical Warning (10846): Verilog HDL Instantiation warning at demux.v(6): instance has no name
Critical Warning (10846): Verilog HDL Instantiation warning at demux.v(7): instance has no name
Critical Warning (10846): Verilog HDL Instantiation warning at demux.v(8): instance has no name
Critical Warning (10846): Verilog HDL Instantiation warning at demux.v(9): instance has no name
Info (12128): Elaborating entity "demux" for hierarchy "fourbytememory:comb_8|demux:comb_3"
Warning (12125): Using design file andgate3.v, which is not specified as a design file for the current project, but contains definitions for 1 design units and 1 entities in project
    Info (12023): Found entity 1: andgate3
Info (12128): Elaborating entity "andgate3" for hierarchy "fourbytememory:comb_8|demux:comb_3|andgate3:comb_3"
Warning (12125): Using design file onebyte_memory.v, which is not specified as a design file for the current project, but contains definitions for 1 design units and 1 entities in project
    Info (12023): Found entity 1: onebyte_memory
Critical Warning (10846): Verilog HDL Instantiation warning at onebyte_memory.v(13): instance has no name
Critical Warning (10846): Verilog HDL Instantiation warning at onebyte_memory.v(19): instance has no name
Critical Warning (10846): Verilog HDL Instantiation warning at onebyte_memory.v(24): instance has no name
Critical Warning (10846): Verilog HDL Instantiation warning at onebyte_memory.v(28): instance has no name
Critical Warning (10846): Verilog HDL Instantiation warning at onebyte_memory.v(32): instance has no name
Critical Warning (10846): Verilog HDL Instantiation warning at onebyte_memory.v(37): instance has no name
Critical Warning (10846): Verilog HDL Instantiation warning at onebyte_memory.v(41): instance has no name
Critical Warning (10846): Verilog HDL Instantiation warning at onebyte_memory.v(45): instance has no name
Info (12128): Elaborating entity "onebyte_memory" for hierarchy "fourbytememory:comb_8|onebyte_memory:comb_4"
Warning (12125): Using design file flipflop.v, which is not specified as a design file for the current project, but contains definitions for 1 design units and 1 entities in project
    Info (12023): Found entity 1: flipflop
Critical Warning (10846): Verilog HDL Instantiation warning at flipflop.v(9): instance has no name
Info (12128): Elaborating entity "flipflop" for hierarchy "fourbytememory:comb_8|onebyte_memory:comb_4|flipflop:comb_3"
Warning (12125): Using design file nandgate3.v, which is not specified as a design file for the current project, but contains definitions for 1 design units and 1 entities in project
    Info (12023): Found entity 1: nandGate3
Info (12128): Elaborating entity "nandGate3" for hierarchy "fourbytememory:comb_8|onebyte_memory:comb_4|flipflop:comb_3|nandGate3:comb_5"
Warning (13027): Removed fan-outs from the following always-disabled I/O buffers
    Warning (13028): Removed fan-out from the always-disabled I/O buffer "fourbytememory:comb_8|onebyte_memory:comb_4|out[7]" to the node "out[7]"
    Warning (13028): Removed fan-out from the always-disabled I/O buffer "fourbytememory:comb_8|onebyte_memory:comb_5|out[7]" to the node "out[7]"
    Warning (13028): Removed fan-out from the always-disabled I/O buffer "fourbytememory:comb_8|onebyte_memory:comb_6|out[7]" to the node "out[7]"
    Warning (13028): Removed fan-out from the always-disabled I/O buffer "fourbytememory:comb_8|onebyte_memory:comb_7|out[7]" to the node "out[7]"
    Warning (13028): Removed fan-out from the always-disabled I/O buffer "fourbytememory:comb_8|onebyte_memory:comb_4|out[6]" to the node "out[6]"
    Warning (13028): Removed fan-out from the always-disabled I/O buffer "fourbytememory:comb_8|onebyte_memory:comb_5|out[6]" to the node "out[6]"
    Warning (13028): Removed fan-out from the always-disabled I/O buffer "fourbytememory:comb_8|onebyte_memory:comb_6|out[6]" to the node "out[6]"
    Warning (13028): Removed fan-out from the always-disabled I/O buffer "fourbytememory:comb_8|onebyte_memory:comb_7|out[6]" to the node "out[6]"
    Warning (13028): Removed fan-out from the always-disabled I/O buffer "fourbytememory:comb_8|onebyte_memory:comb_4|out[5]" to the node "out[5]"
    Warning (13028): Removed fan-out from the always-disabled I/O buffer "fourbytememory:comb_8|onebyte_memory:comb_5|out[5]" to the node "out[5]"
    Warning (13028): Removed fan-out from the always-disabled I/O buffer "fourbytememory:comb_8|onebyte_memory:comb_6|out[5]" to the node "out[5]"
    Warning (13028): Removed fan-out from the always-disabled I/O buffer "fourbytememory:comb_8|onebyte_memory:comb_7|out[5]" to the node "out[5]"
    Warning (13028): Removed fan-out from the always-disabled I/O buffer "fourbytememory:comb_8|onebyte_memory:comb_4|out[4]" to the node "out[4]"
    Warning (13028): Removed fan-out from the always-disabled I/O buffer "fourbytememory:comb_8|onebyte_memory:comb_5|out[4]" to the node "out[4]"
    Warning (13028): Removed fan-out from the always-disabled I/O buffer "fourbytememory:comb_8|onebyte_memory:comb_6|out[4]" to the node "out[4]"
    Warning (13028): Removed fan-out from the always-disabled I/O buffer "fourbytememory:comb_8|onebyte_memory:comb_7|out[4]" to the node "out[4]"
    Warning (13028): Removed fan-out from the always-disabled I/O buffer "fourbytememory:comb_8|onebyte_memory:comb_4|out[3]" to the node "out[3]"
    Warning (13028): Removed fan-out from the always-disabled I/O buffer "fourbytememory:comb_8|onebyte_memory:comb_5|out[3]" to the node "out[3]"
    Warning (13028): Removed fan-out from the always-disabled I/O buffer "fourbytememory:comb_8|onebyte_memory:comb_6|out[3]" to the node "out[3]"
    Warning (13028): Removed fan-out from the always-disabled I/O buffer "fourbytememory:comb_8|onebyte_memory:comb_7|out[3]" to the node "out[3]"
    Warning (13028): Removed fan-out from the always-disabled I/O buffer "fourbytememory:comb_8|onebyte_memory:comb_4|out[2]" to the node "out[2]"
    Warning (13028): Removed fan-out from the always-disabled I/O buffer "fourbytememory:comb_8|onebyte_memory:comb_5|out[2]" to the node "out[2]"
    Warning (13028): Removed fan-out from the always-disabled I/O buffer "fourbytememory:comb_8|onebyte_memory:comb_6|out[2]" to the node "out[2]"
    Warning (13028): Removed fan-out from the always-disabled I/O buffer "fourbytememory:comb_8|onebyte_memory:comb_7|out[2]" to the node "out[2]"
    Warning (13028): Removed fan-out from the always-disabled I/O buffer "fourbytememory:comb_8|onebyte_memory:comb_4|out[1]" to the node "out[1]"
    Warning (13028): Removed fan-out from the always-disabled I/O buffer "fourbytememory:comb_8|onebyte_memory:comb_5|out[1]" to the node "out[1]"
    Warning (13028): Removed fan-out from the always-disabled I/O buffer "fourbytememory:comb_8|onebyte_memory:comb_6|out[1]" to the node "out[1]"
    Warning (13028): Removed fan-out from the always-disabled I/O buffer "fourbytememory:comb_8|onebyte_memory:comb_7|out[1]" to the node "out[1]"
    Warning (13028): Removed fan-out from the always-disabled I/O buffer "fourbytememory:comb_8|onebyte_memory:comb_4|out[0]" to the node "out[0]"
    Warning (13028): Removed fan-out from the always-disabled I/O buffer "fourbytememory:comb_8|onebyte_memory:comb_5|out[0]" to the node "out[0]"
    Warning (13028): Removed fan-out from the always-disabled I/O buffer "fourbytememory:comb_8|onebyte_memory:comb_6|out[0]" to the node "out[0]"
    Warning (13028): Removed fan-out from the always-disabled I/O buffer "fourbytememory:comb_8|onebyte_memory:comb_7|out[0]" to the node "out[0]"
Warning (13030): Reduced the following open-drain buffers that are fed by GND
    Warning (13031): Reduced fanout from the always-enabled open-drain buffer "fourbytememory:comb_8|out[7]" to the output pin "out[7]" to GND
    Warning (13031): Reduced fanout from the always-enabled open-drain buffer "fourbytememory:comb_8|out[6]" to the output pin "out[6]" to GND
    Warning (13031): Reduced fanout from the always-enabled open-drain buffer "fourbytememory:comb_8|out[5]" to the output pin "out[5]" to GND
    Warning (13031): Reduced fanout from the always-enabled open-drain buffer "fourbytememory:comb_8|out[4]" to the output pin "out[4]" to GND
    Warning (13031): Reduced fanout from the always-enabled open-drain buffer "fourbytememory:comb_8|out[3]" to the output pin "out[3]" to GND
    Warning (13031): Reduced fanout from the always-enabled open-drain buffer "fourbytememory:comb_8|out[2]" to the output pin "out[2]" to GND
    Warning (13031): Reduced fanout from the always-enabled open-drain buffer "fourbytememory:comb_8|out[1]" to the output pin "out[1]" to GND
    Warning (13031): Reduced fanout from the always-enabled open-drain buffer "fourbytememory:comb_8|out[0]" to the output pin "out[0]" to GND
Warning (13024): Output pins are stuck at VCC or GND
    Warning (13410): Pin "en_led" is stuck at GND
    Warning (13410): Pin "adr_led[1]" is stuck at VCC
    Warning (13410): Pin "adr_led[0]" is stuck at GND
    Warning (13410): Pin "out[7]" is stuck at GND
    Warning (13410): Pin "out[6]" is stuck at GND
    Warning (13410): Pin "out[5]" is stuck at GND
    Warning (13410): Pin "out[4]" is stuck at GND
    Warning (13410): Pin "out[3]" is stuck at GND
    Warning (13410): Pin "out[2]" is stuck at GND
    Warning (13410): Pin "out[1]" is stuck at GND
    Warning (13410): Pin "out[0]" is stuck at GND
    Warning (13410): Pin "digit" is stuck at GND
Info (16010): Generating hard_block partition "hard_block:auto_generated_inst"
    Info (16011): Adding 0 node(s), including 0 DDIO, 0 PLL, 0 transceiver and 0 LCELL
Warning (21074): Design contains 9 input pin(s) that do not drive logic
    Warning (15610): No output dependent on input pin "clk"
    Warning (15610): No output dependent on input pin "data[7]"
    Warning (15610): No output dependent on input pin "data[6]"
    Warning (15610): No output dependent on input pin "data[5]"
    Warning (15610): No output dependent on input pin "data[4]"
    Warning (15610): No output dependent on input pin "data[3]"
    Warning (15610): No output dependent on input pin "data[2]"
    Warning (15610): No output dependent on input pin "data[1]"
    Warning (15610): No output dependent on input pin "data[0]"
Info (21057): Implemented 23 device resources after synthesis - the final resource count might be different
    Info (21058): Implemented 10 input pins
    Info (21059): Implemented 13 output pins
Info: Quartus II 64-Bit Analysis & Synthesis was successful. 0 errors, 91 warnings
    Info: Peak virtual memory: 4606 megabytes
    Info: Processing ended: Fri Jan 08 13:07:48 2021
    Info: Elapsed time: 00:00:04
    Info: Total CPU time (on all processors): 00:00:03


